[01m[K/home/prajesh/slam_ws/src/cpp_nav2_control/src/random_wp_gen.cpp:[m[K In member function â€˜[01m[Kvoid GoalGenerator::turtle_pose_sub_callback(geometry_msgs::msg::PoseWithCovarianceStamped)[m[Kâ€™:
[01m[K/home/prajesh/slam_ws/src/cpp_nav2_control/src/random_wp_gen.cpp:72:58:[m[K [01;31m[Kerror: [m[Kconflicting declaration â€˜[01m[Kstd::string dist_delta[m[Kâ€™
   72 |             std::string message = "Distance Delta-> %f", [01;31m[Kdist_delta[m[K;
      |                                                          [01;31m[K^~~~~~~~~~[m[K
[01m[K/home/prajesh/slam_ws/src/cpp_nav2_control/src/random_wp_gen.cpp:70:20:[m[K [01;36m[Knote: [m[Kprevious declaration as â€˜[01m[Kdouble dist_delta[m[Kâ€™
   70 |             double [01;36m[Kdist_delta[m[K = (target_dist_ - curr_dist);
      |                    [01;36m[K^~~~~~~~~~[m[K
[01m[K/home/prajesh/slam_ws/src/cpp_nav2_control/src/random_wp_gen.cpp:70:20:[m[K [01;35m[Kwarning: [m[Kunused variable â€˜[01m[Kdist_delta[m[Kâ€™ [[01;35m[K]8;;https://gcc.gnu.org/onlinedocs/gcc/Warning-Options.html#index-Wunused-variable-Wunused-variable]8;;[m[K]
gmake[2]: *** [CMakeFiles/random_goal_generator.dir/build.make:76: CMakeFiles/random_goal_generator.dir/src/random_wp_gen.cpp.o] Error 1
gmake[1]: *** [CMakeFiles/Makefile2:137: CMakeFiles/random_goal_generator.dir/all] Error 2
gmake: *** [Makefile:146: all] Error 2
